<project xmlns="http://maven.apache.org/POM/4.0.0" xmlns:xsi="http://www.w3.org/2001/XMLSchema-instance" xsi:schemaLocation="http://maven.apache.org/POM/4.0.0 http://maven.apache.org/xsd/maven-4.0.0.xsd">
	<modelVersion>4.0.0</modelVersion>
	<groupId>com.github.wokier.progress-maven-plugin</groupId>
	<artifactId>progress-maven-plugin-test-1</artifactId>
	<version>0.5</version>

	<build>
		<defaultGoal>validate</defaultGoal>
		<plugins>

            <plugin>
                <groupId>org.apache.maven.plugins</groupId>
                <artifactId>maven-compiler-plugin</artifactId>
                <version>3.1</version>
                <configuration>
                    <source>1.5</source>
                    <target>1.5</target>
                    <compilerVersion>1.5</compilerVersion>
                    <encoding>UTF-8</encoding>
                </configuration>
            </plugin>
			<plugin>
				<groupId>com.github.wokier.progress-maven-plugin</groupId>
				<artifactId>progress-maven-plugin</artifactId>
				<version>0.5</version>
				<executions>
					<execution>
						<goals>
							<goal>display-progress</goal>
							<goal>notify-progress</goal>
						</goals>
					</execution>
				</executions>
				<configuration></configuration>
			</plugin>
		</plugins>
	</build>


</project>